UVC initialized
Device found
Device opened
Streaming...
Done streaming.
Device closed
UVC exited









unsupported descriptor subtype: 3
unsupported descriptor subtype: 13
unsupported descriptor subtype: 3
unsupported descriptor subtype: 13
DEVICE CONFIGURATION (053a:9230/[none]) ---
Status: idle
VideoControl:
	bcdUVC: 0x0100
VideoStreaming(1):
	bEndpointAddress: 130
	Formats:
	MJPEGFormat(1)
		  bits per pixel: 0
		  GUID: 4d4a5047000000000000000000000000 (MJPG)
		  default frame: 1
		  aspect ratio: 0x0
		  interlace flags: 00
		  copy protect: 00
			FrameDescriptor(1)
			  capabilities: 00
			  size: 640x480
			  bit rate: 36864000-221184000
			  max frame size: 921600
			  default interval: 1/30
			  interval[0]: 1/30
			  interval[1]: 1/25
			  interval[2]: 1/20
			  interval[3]: 1/15
			  interval[4]: 1/10
			  interval[5]: 1/5
			FrameDescriptor(2)
			  capabilities: 00
			  size: 1280x720
			  bit rate: 110592000-663552000
			  max frame size: 2764800
			  default interval: 1/30
			  interval[0]: 1/30
			  interval[1]: 1/25
			  interval[2]: 1/20
			  interval[3]: 1/15
			  interval[4]: 1/10
			  interval[5]: 1/5
	UncompressedFormat(2)
		  bits per pixel: 16
		  GUID: 5955593200001000800000aa00389b71 (YUY2)
		  default frame: 1
		  aspect ratio: 0x0
		  interlace flags: 00
		  copy protect: 00
			FrameDescriptor(1)
			  capabilities: 00
			  size: 640x480
			  bit rate: 24576000-147456000
			  max frame size: 614400
			  default interval: 1/30
			  interval[0]: 1/30
			  interval[1]: 1/25
			  interval[2]: 1/20
			  interval[3]: 1/15
			  interval[4]: 1/10
			  interval[5]: 1/5
			FrameDescriptor(2)
			  capabilities: 00
			  size: 1280x720
			  bit rate: 73728000-147456000
			  max frame size: 1843200
			  default interval: 1/10
			  interval[0]: 1/10
			  interval[1]: 1/5
END DEVICE CONFIGURATION
bmHint: 0001
bFormatIndex: 2
bFrameIndex: 1
dwFrameInterval: 333333
wKeyFrameRate: 0
wPFrameRate: 0
wCompQuality: 0
wCompWindowSize: 0
wDelay: 0
dwMaxVideoFrameSize: 614400
dwMaxPayloadTransferSize: 3072
bInterfaceNumber: 1
